#
# There is insufficient memory for the Java Runtime Environment to continue.
# Native memory allocation (mmap) failed to map 8589934592 bytes for committing reserved memory.
# Possible reasons:
#   The system is out of physical RAM or swap space
#   The process is running with CompressedOops enabled, and the Java Heap may be blocking the growth of the native heap
# Possible solutions:
#   Reduce memory load on the system
#   Increase physical memory or swap space
#   Check if swap backing store is full
#   Decrease Java heap size (-Xmx/-Xms)
#   Decrease number of Java threads
#   Decrease Java thread stack sizes (-Xss)
#   Set larger code cache with -XX:ReservedCodeCacheSize=
# This output file may be truncated or incomplete.
#
#  Out of Memory Error (os_linux.cpp:2866), pid=5300, tid=5301
#
# JRE version:  (11.0.7+10) (build )
# Java VM: OpenJDK 64-Bit Server VM (11.0.7+10-post-Debian-3deb10u1, mixed mode, sharing, tiered, compressed oops, g1 gc, linux-amd64)
# No core dump will be written. Core dumps have been disabled. To enable core dumping, try "ulimit -c unlimited" before starting Java again
#

---------------  S U M M A R Y ------------

Command Line: -Xms4g -Xms8G server.jar nogui

Host: Intel(R) Xeon(R) CPU @ 2.00GHz, 2 cores, 7G, Debian GNU/Linux 10 (buster)
Time: Fri Jun 26 21:18:46 2020 UTC elapsed time: 0 seconds (0d 0h 0m 0s)

---------------  T H R E A D  ---------------

Current thread (0x00007ff920015000):  JavaThread "Unknown thread" [_thread_in_vm, id=5301, stack(0x00007ff92692b000,0x00007ff926a2c000)]

Stack: [0x00007ff92692b000,0x00007ff926a2c000],  sp=0x00007ff926a2a230,  free space=1020k
Native frames: (J=compiled Java code, A=aot compiled Java code, j=interpreted, Vv=VM code, C=native code)
V  [libjvm.so+0xd290da]
V  [libjvm.so+0xd29d9b]
V  [libjvm.so+0x6196c5]
V  [libjvm.so+0xb32b08]
V  [libjvm.so+0xb2a25d]
V  [libjvm.so+0x73135f]
V  [libjvm.so+0x73170e]
V  [libjvm.so+0x73aa06]
V  [libjvm.so+0x7b1744]
V  [libjvm.so+0x7b2350]
V  [libjvm.so+0x7b2777]
V  [libjvm.so+0x6efe00]
V  [libjvm.so+0x6f0501]
V  [libjvm.so+0xcec0a2]
V  [libjvm.so+0xcec336]
V  [libjvm.so+0x7d14d7]
V  [libjvm.so+0xcc5afa]
V  [libjvm.so+0x8750c1]  JNI_CreateJavaVM+0x51
C  [libjli.so+0x47ff]
C  [libjli.so+0x94bd]


---------------  P R O C E S S  ---------------

Threads class SMR info:
_java_thread_list=0x000056103bede0a0, length=0, elements={
}

Java Threads: ( => current thread )

Other Threads:
  0x00007ff92002d000 GCTaskThread "GC Thread#0" [stack: 0x00007ff9265cb000,0x00007ff9266cb000] [id=5302]
  0x00007ff92004e800 ConcurrentGCThread "G1 Main Marker" [stack: 0x00007ff924241000,0x00007ff924341000] [id=5303]
  0x00007ff920050800 ConcurrentGCThread "G1 Conc#0" [stack: 0x00007ff92413f000,0x00007ff92423f000] [id=5304]

[error occurred during error reporting (printing all threads), id 0xb, SIGSEGV (0xb) at pc=0x00007ff9274565f0]

VM state:not at safepoint (not fully initialized)

VM Mutex/Monitor currently owned by a thread:  ([mutex/lock_event])
[0x00007ff920012700] Heap_lock - owner thread: 0x00007ff920015000

Heap address: 0x0000000600000000, size: 8192 MB, Compressed Oops mode: Non-zero based: 0x0000000600000000
Narrow klass base: 0x0000000000000000, Narrow klass shift: 0

GC Heap History (0 events):
No events

Deoptimization events (0 events):
No events

Classes redefined (0 events):
No events

Internal exceptions (0 events):
No events

Events (3 events):
Event: 0.002 Protecting memory [0x00007ff92692b000,0x00007ff92692f000] with protection modes 0
Event: 0.002 Loaded shared library /usr/lib/jvm/java-11-openjdk-amd64/lib/libzip.so
Event: 0.002 Loaded shared library /usr/lib/jvm/java-11-openjdk-amd64/lib/libjimage.so


Dynamic libraries:
56103a9b6000-56103a9b7000 r--p 00000000 08:01 661240                     /usr/lib/jvm/java-11-openjdk-amd64/bin/java
56103a9b7000-56103a9b8000 r-xp 00001000 08:01 661240                     /usr/lib/jvm/java-11-openjdk-amd64/bin/java
56103a9b8000-56103a9b9000 r--p 00002000 08:01 661240                     /usr/lib/jvm/java-11-openjdk-amd64/bin/java
56103a9b9000-56103a9ba000 r--p 00002000 08:01 661240                     /usr/lib/jvm/java-11-openjdk-amd64/bin/java
56103a9ba000-56103a9bb000 rw-p 00003000 08:01 661240                     /usr/lib/jvm/java-11-openjdk-amd64/bin/java
56103bec6000-56103bee7000 rw-p 00000000 00:00 0                          [heap]
7ff8e4000000-7ff8e4021000 rw-p 00000000 00:00 0 
7ff8e4021000-7ff8e8000000 ---p 00000000 00:00 0 
7ff8ec000000-7ff8ec021000 rw-p 00000000 00:00 0 
7ff8ec021000-7ff8f0000000 ---p 00000000 00:00 0 
7ff8f1000000-7ff8f3000000 rw-p 00000000 00:00 0 
7ff8f3000000-7ff904000000 ---p 00000000 00:00 0 
7ff904000000-7ff904021000 rw-p 00000000 00:00 0 
7ff904021000-7ff908000000 ---p 00000000 00:00 0 
7ff90880c000-7ff90890d000 rw-p 00000000 00:00 0 
7ff90890d000-7ff908b7d000 rwxp 00000000 00:00 0 
7ff908b7d000-7ff908e9c000 ---p 00000000 00:00 0 
7ff908e9c000-7ff90910c000 rwxp 00000000 00:00 0 
7ff90910c000-7ff9103d4000 ---p 00000000 00:00 0 
7ff9103d4000-7ff910644000 rwxp 00000000 00:00 0 
7ff910644000-7ff91790d000 ---p 00000000 00:00 0 
7ff91790d000-7ff920000000 r--s 00000000 08:01 661403                     /usr/lib/jvm/java-11-openjdk-amd64/lib/modules
7ff920000000-7ff920063000 rw-p 00000000 00:00 0 
7ff920063000-7ff924000000 ---p 00000000 00:00 0 
7ff92403c000-7ff92413d000 rw-p 00000000 00:00 0 
7ff92413d000-7ff92413e000 ---p 00000000 00:00 0 
7ff92413e000-7ff92423f000 rw-p 00000000 00:00 0 
7ff92423f000-7ff924240000 ---p 00000000 00:00 0 
7ff924240000-7ff924386000 rw-p 00000000 00:00 0 
7ff924386000-7ff926386000 ---p 00000000 00:00 0 
7ff926386000-7ff9265c9000 rw-p 00000000 00:00 0 
7ff9265c9000-7ff9265ca000 ---p 00000000 00:00 0 
7ff9265ca000-7ff9266d0000 rw-p 00000000 00:00 0 
7ff9266d0000-7ff9267b6000 ---p 00000000 00:00 0 
7ff9267b6000-7ff9267bb000 rw-p 00000000 00:00 0 
7ff9267bb000-7ff9268a1000 ---p 00000000 00:00 0 
7ff9268a1000-7ff9268a6000 rw-p 00000000 00:00 0 
7ff9268a6000-7ff9268ad000 ---p 00000000 00:00 0 
7ff9268ad000-7ff9268af000 r--p 00000000 08:01 661385                     /usr/lib/jvm/java-11-openjdk-amd64/lib/libjimage.so
7ff9268af000-7ff9268b2000 r-xp 00002000 08:01 661385                     /usr/lib/jvm/java-11-openjdk-amd64/lib/libjimage.so
7ff9268b2000-7ff9268b4000 r--p 00005000 08:01 661385                     /usr/lib/jvm/java-11-openjdk-amd64/lib/libjimage.so
7ff9268b4000-7ff9268b5000 r--p 00006000 08:01 661385                     /usr/lib/jvm/java-11-openjdk-amd64/lib/libjimage.so
7ff9268b5000-7ff9268b6000 rw-p 00007000 08:01 661385                     /usr/lib/jvm/java-11-openjdk-amd64/lib/libjimage.so
7ff9268b6000-7ff9268b8000 r--p 00000000 08:01 661402                     /usr/lib/jvm/java-11-openjdk-amd64/lib/libzip.so
7ff9268b8000-7ff9268bc000 r-xp 00002000 08:01 661402                     /usr/lib/jvm/java-11-openjdk-amd64/lib/libzip.so
7ff9268bc000-7ff9268be000 r--p 00006000 08:01 661402                     /usr/lib/jvm/java-11-openjdk-amd64/lib/libzip.so
7ff9268be000-7ff9268bf000 r--p 00007000 08:01 661402                     /usr/lib/jvm/java-11-openjdk-amd64/lib/libzip.so
7ff9268bf000-7ff9268c0000 rw-p 00008000 08:01 661402                     /usr/lib/jvm/java-11-openjdk-amd64/lib/libzip.so
7ff9268c0000-7ff9268c8000 rw-s 00000000 08:01 529251                     /tmp/hsperfdata_root/5300
7ff9268c8000-7ff9268cb000 r--p 00000000 08:01 394035                     /lib/x86_64-linux-gnu/libnss_files-2.28.so
7ff9268cb000-7ff9268d2000 r-xp 00003000 08:01 394035                     /lib/x86_64-linux-gnu/libnss_files-2.28.so
7ff9268d2000-7ff9268d4000 r--p 0000a000 08:01 394035                     /lib/x86_64-linux-gnu/libnss_files-2.28.so
7ff9268d4000-7ff9268d5000 ---p 0000c000 08:01 394035                     /lib/x86_64-linux-gnu/libnss_files-2.28.so
7ff9268d5000-7ff9268d6000 r--p 0000c000 08:01 394035                     /lib/x86_64-linux-gnu/libnss_files-2.28.so
7ff9268d6000-7ff9268d7000 rw-p 0000d000 08:01 394035                     /lib/x86_64-linux-gnu/libnss_files-2.28.so
7ff9268d7000-7ff9268dd000 rw-p 00000000 00:00 0 
7ff9268e4000-7ff9268f1000 r--p 00000000 08:01 661381                     /usr/lib/jvm/java-11-openjdk-amd64/lib/libjava.so
7ff9268f1000-7ff926906000 r-xp 0000d000 08:01 661381                     /usr/lib/jvm/java-11-openjdk-amd64/lib/libjava.so
7ff926906000-7ff92690d000 r--p 00022000 08:01 661381                     /usr/lib/jvm/java-11-openjdk-amd64/lib/libjava.so
7ff92690d000-7ff92690e000 r--p 00028000 08:01 661381                     /usr/lib/jvm/java-11-openjdk-amd64/lib/libjava.so
7ff92690e000-7ff926910000 rw-p 00029000 08:01 661381                     /usr/lib/jvm/java-11-openjdk-amd64/lib/libjava.so
7ff926910000-7ff926915000 r--p 00000000 08:01 661401                     /usr/lib/jvm/java-11-openjdk-amd64/lib/libverify.so
7ff926915000-7ff92691c000 r-xp 00005000 08:01 661401                     /usr/lib/jvm/java-11-openjdk-amd64/lib/libverify.so
7ff92691c000-7ff92691e000 r--p 0000c000 08:01 661401                     /usr/lib/jvm/java-11-openjdk-amd64/lib/libverify.so
7ff92691e000-7ff926920000 r--p 0000d000 08:01 661401                     /usr/lib/jvm/java-11-openjdk-amd64/lib/libverify.so
7ff926920000-7ff926921000 rw-p 0000f000 08:01 661401                     /usr/lib/jvm/java-11-openjdk-amd64/lib/libverify.so
7ff926921000-7ff926923000 r--p 00000000 08:01 394042                     /lib/x86_64-linux-gnu/librt-2.28.so
7ff926923000-7ff926927000 r-xp 00002000 08:01 394042                     /lib/x86_64-linux-gnu/librt-2.28.so
7ff926927000-7ff926929000 r--p 00006000 08:01 394042                     /lib/x86_64-linux-gnu/librt-2.28.so
7ff926929000-7ff92692a000 r--p 00007000 08:01 394042                     /lib/x86_64-linux-gnu/librt-2.28.so
7ff92692a000-7ff92692b000 rw-p 00008000 08:01 394042                     /lib/x86_64-linux-gnu/librt-2.28.so
7ff92692b000-7ff92692f000 ---p 00000000 00:00 0 
7ff92692f000-7ff926a2c000 rw-p 00000000 00:00 0 
7ff926a2c000-7ff926a2f000 r--p 00000000 08:01 393988                     /lib/x86_64-linux-gnu/libgcc_s.so.1
7ff926a2f000-7ff926a40000 r-xp 00003000 08:01 393988                     /lib/x86_64-linux-gnu/libgcc_s.so.1
7ff926a40000-7ff926a43000 r--p 00014000 08:01 393988                     /lib/x86_64-linux-gnu/libgcc_s.so.1
7ff926a43000-7ff926a44000 ---p 00017000 08:01 393988                     /lib/x86_64-linux-gnu/libgcc_s.so.1
7ff926a44000-7ff926a45000 r--p 00017000 08:01 393988                     /lib/x86_64-linux-gnu/libgcc_s.so.1
7ff926a45000-7ff926a46000 rw-p 00018000 08:01 393988                     /lib/x86_64-linux-gnu/libgcc_s.so.1
7ff926a46000-7ff926a53000 r--p 00000000 08:01 394029                     /lib/x86_64-linux-gnu/libm-2.28.so
7ff926a53000-7ff926af2000 r-xp 0000d000 08:01 394029                     /lib/x86_64-linux-gnu/libm-2.28.so
7ff926af2000-7ff926bc7000 r--p 000ac000 08:01 394029                     /lib/x86_64-linux-gnu/libm-2.28.so
7ff926bc7000-7ff926bc8000 r--p 00180000 08:01 394029                     /lib/x86_64-linux-gnu/libm-2.28.so
7ff926bc8000-7ff926bc9000 rw-p 00181000 08:01 394029                     /lib/x86_64-linux-gnu/libm-2.28.so
7ff926bc9000-7ff926c52000 r--p 00000000 08:01 132337                     /usr/lib/x86_64-linux-gnu/libstdc++.so.6.0.25
7ff926c52000-7ff926cfe000 r-xp 00089000 08:01 132337                     /usr/lib/x86_64-linux-gnu/libstdc++.so.6.0.25
7ff926cfe000-7ff926d3c000 r--p 00135000 08:01 132337                     /usr/lib/x86_64-linux-gnu/libstdc++.so.6.0.25
7ff926d3c000-7ff926d3d000 ---p 00173000 08:01 132337                     /usr/lib/x86_64-linux-gnu/libstdc++.so.6.0.25
7ff926d3d000-7ff926d47000 r--p 00173000 08:01 132337                     /usr/lib/x86_64-linux-gnu/libstdc++.so.6.0.25
7ff926d47000-7ff926d49000 rw-p 0017d000 08:01 132337                     /usr/lib/x86_64-linux-gnu/libstdc++.so.6.0.25
7ff926d49000-7ff926d4d000 rw-p 00000000 00:00 0 
7ff926d4d000-7ff926fba000 r--p 00000000 08:01 661408                     /usr/lib/jvm/java-11-openjdk-amd64/lib/server/libjvm.so
7ff926fba000-7ff927aea000 r-xp 0026d000 08:01 661408                     /usr/lib/jvm/java-11-openjdk-amd64/lib/server/libjvm.so
7ff927aea000-7ff927d20000 r--p 00d9d000 08:01 661408                     /usr/lib/jvm/java-11-openjdk-amd64/lib/server/libjvm.so
7ff927d20000-7ff927d21000 ---p 00fd3000 08:01 661408                     /usr/lib/jvm/java-11-openjdk-amd64/lib/server/libjvm.so
7ff927d21000-7ff927dde000 r--p 00fd3000 08:01 661408                     /usr/lib/jvm/java-11-openjdk-amd64/lib/server/libjvm.so
7ff927dde000-7ff927e18000 rw-p 01090000 08:01 661408                     /usr/lib/jvm/java-11-openjdk-amd64/lib/server/libjvm.so
7ff927e18000-7ff927e70000 rw-p 00000000 00:00 0 
7ff927e70000-7ff927e92000 r--p 00000000 08:01 394026                     /lib/x86_64-linux-gnu/libc-2.28.so
7ff927e92000-7ff927fda000 r-xp 00022000 08:01 394026                     /lib/x86_64-linux-gnu/libc-2.28.so
7ff927fda000-7ff928026000 r--p 0016a000 08:01 394026                     /lib/x86_64-linux-gnu/libc-2.28.so
7ff928026000-7ff928027000 ---p 001b6000 08:01 394026                     /lib/x86_64-linux-gnu/libc-2.28.so
7ff928027000-7ff92802b000 r--p 001b6000 08:01 394026                     /lib/x86_64-linux-gnu/libc-2.28.so
7ff92802b000-7ff92802d000 rw-p 001ba000 08:01 394026                     /lib/x86_64-linux-gnu/libc-2.28.so
7ff92802d000-7ff928031000 rw-p 00000000 00:00 0 
7ff928031000-7ff928032000 r--p 00000000 08:01 394028                     /lib/x86_64-linux-gnu/libdl-2.28.so
7ff928032000-7ff928033000 r-xp 00001000 08:01 394028                     /lib/x86_64-linux-gnu/libdl-2.28.so
7ff928033000-7ff928034000 r--p 00002000 08:01 394028                     /lib/x86_64-linux-gnu/libdl-2.28.so
7ff928034000-7ff928035000 r--p 00002000 08:01 394028                     /lib/x86_64-linux-gnu/libdl-2.28.so
7ff928035000-7ff928036000 rw-p 00003000 08:01 394028                     /lib/x86_64-linux-gnu/libdl-2.28.so
7ff928036000-7ff928039000 r--p 00000000 08:01 661365                     /usr/lib/jvm/java-11-openjdk-amd64/lib/jli/libjli.so
7ff928039000-7ff928043000 r-xp 00003000 08:01 661365                     /usr/lib/jvm/java-11-openjdk-amd64/lib/jli/libjli.so
7ff928043000-7ff928046000 r--p 0000d000 08:01 661365                     /usr/lib/jvm/java-11-openjdk-amd64/lib/jli/libjli.so
7ff928046000-7ff928047000 r--p 0000f000 08:01 661365                     /usr/lib/jvm/java-11-openjdk-amd64/lib/jli/libjli.so
7ff928047000-7ff928048000 rw-p 00010000 08:01 661365                     /usr/lib/jvm/java-11-openjdk-amd64/lib/jli/libjli.so
7ff928048000-7ff92804e000 r--p 00000000 08:01 394040                     /lib/x86_64-linux-gnu/libpthread-2.28.so
7ff92804e000-7ff92805d000 r-xp 00006000 08:01 394040                     /lib/x86_64-linux-gnu/libpthread-2.28.so
7ff92805d000-7ff928063000 r--p 00015000 08:01 394040                     /lib/x86_64-linux-gnu/libpthread-2.28.so
7ff928063000-7ff928064000 r--p 0001a000 08:01 394040                     /lib/x86_64-linux-gnu/libpthread-2.28.so
7ff928064000-7ff928065000 rw-p 0001b000 08:01 394040                     /lib/x86_64-linux-gnu/libpthread-2.28.so
7ff928065000-7ff928069000 rw-p 00000000 00:00 0 
7ff928069000-7ff928085000 r-xp 00000000 08:01 393638                     /lib/x86_64-linux-gnu/libz.so.1.2.11
7ff928085000-7ff928285000 ---p 0001c000 08:01 393638                     /lib/x86_64-linux-gnu/libz.so.1.2.11
7ff928285000-7ff928286000 r--p 0001c000 08:01 393638                     /lib/x86_64-linux-gnu/libz.so.1.2.11
7ff928286000-7ff928287000 rw-p 0001d000 08:01 393638                     /lib/x86_64-linux-gnu/libz.so.1.2.11
7ff92828a000-7ff92828c000 r--s 00007000 08:01 275652                     /usr/share/java/java-atk-wrapper.jar
7ff92828c000-7ff92828d000 ---p 00000000 00:00 0 
7ff92828d000-7ff92828e000 r--p 00000000 00:00 0 
7ff92828e000-7ff928290000 rw-p 00000000 00:00 0 
7ff928290000-7ff928291000 r--p 00000000 08:01 393766                     /lib/x86_64-linux-gnu/ld-2.28.so
7ff928291000-7ff9282af000 r-xp 00001000 08:01 393766                     /lib/x86_64-linux-gnu/ld-2.28.so
7ff9282af000-7ff9282b7000 r--p 0001f000 08:01 393766                     /lib/x86_64-linux-gnu/ld-2.28.so
7ff9282b7000-7ff9282b8000 r--p 00026000 08:01 393766                     /lib/x86_64-linux-gnu/ld-2.28.so
7ff9282b8000-7ff9282b9000 rw-p 00027000 08:01 393766                     /lib/x86_64-linux-gnu/ld-2.28.so
7ff9282b9000-7ff9282ba000 rw-p 00000000 00:00 0 
7ffec8ad8000-7ffec8af9000 rw-p 00000000 00:00 0                          [stack]
7ffec8b23000-7ffec8b26000 r--p 00000000 00:00 0                          [vvar]
7ffec8b26000-7ffec8b28000 r-xp 00000000 00:00 0                          [vdso]


VM Arguments:
jvm_args: -Xms4g -Xms8G 
java_command: server.jar nogui
java_class_path (initial): server.jar
Launcher Type: SUN_STANDARD

[Global flags]
     intx CICompilerCount                          = 2                                         {product} {ergonomic}
     uint ConcGCThreads                            = 1                                         {product} {ergonomic}
     uint G1ConcRefinementThreads                  = 2                                         {product} {ergonomic}
   size_t G1HeapRegionSize                         = 4194304                                   {product} {ergonomic}
    uintx GCDrainStackTargetSize                   = 64                                        {product} {ergonomic}
   size_t InitialHeapSize                          = 8589934592                                {product} {command line}
   size_t MarkStackSize                            = 4194304                                   {product} {ergonomic}
   size_t MaxHeapSize                              = 8589934592                                {product} {ergonomic}
   size_t MinHeapDeltaBytes                        = 4194304                                   {product} {ergonomic}
    uintx NonNMethodCodeHeapSize                   = 5825164                                {pd product} {ergonomic}
    uintx NonProfiledCodeHeapSize                  = 122916538                              {pd product} {ergonomic}
    uintx ProfiledCodeHeapSize                     = 122916538                              {pd product} {ergonomic}
    uintx ReservedCodeCacheSize                    = 251658240                              {pd product} {ergonomic}
     bool SegmentedCodeCache                       = true                                      {product} {ergonomic}
     bool UseCompressedClassPointers               = true                                 {lp64_product} {ergonomic}
     bool UseCompressedOops                        = true                                 {lp64_product} {ergonomic}
     bool UseG1GC                                  = true                                      {product} {ergonomic}

Logging:
Log output configuration:
 #0: stdout all=warning uptime,level,tags
 #1: stderr all=off uptime,level,tags

Environment Variables:
PATH=/usr/local/sbin:/usr/local/bin:/usr/sbin:/usr/bin:/sbin:/bin
SHELL=/bin/bash

Signal Handlers:
SIGSEGV: [libjvm.so+0xd29df0], sa_mask[0]=11111111011111111101111111111110, sa_flags=SA_RESTART|SA_SIGINFO
SIGBUS: [libjvm.so+0xd29df0], sa_mask[0]=11111111011111111101111111111110, sa_flags=SA_RESTART|SA_SIGINFO
SIGFPE: [libjvm.so+0xd29df0], sa_mask[0]=11111111011111111101111111111110, sa_flags=SA_RESTART|SA_SIGINFO
SIGPIPE: [libjvm.so+0xb2ea90], sa_mask[0]=11111111011111111101111111111110, sa_flags=SA_RESTART|SA_SIGINFO
SIGXFSZ: [libjvm.so+0xb2ea90], sa_mask[0]=11111111011111111101111111111110, sa_flags=SA_RESTART|SA_SIGINFO
SIGILL: [libjvm.so+0xd29df0], sa_mask[0]=11111111011111111101111111111110, sa_flags=SA_RESTART|SA_SIGINFO
SIGUSR2: [libjvm.so+0xb2e920], sa_mask[0]=00000000000000000000000000000000, sa_flags=SA_RESTART|SA_SIGINFO
SIGHUP: SIG_DFL, sa_mask[0]=00000000000000000000000000000000, sa_flags=none
SIGINT: SIG_DFL, sa_mask[0]=00000000000000000000000000000000, sa_flags=none
SIGTERM: SIG_DFL, sa_mask[0]=00000000000000000000000000000000, sa_flags=none
SIGQUIT: SIG_DFL, sa_mask[0]=00000000000000000000000000000000, sa_flags=none


---------------  S Y S T E M  ---------------

OS:PRETTY_NAME="Debian GNU/Linux 10 (buster)"
NAME="Debian GNU/Linux"
VERSION_ID="10"
VERSION="10 (buster)"
VERSION_CODENAME=buster
ID=debian
HOME_URL="https://www.debian.org/"
SUPPORT_URL="https://www.debian.org/support"
BUG_REPORT_URL="https://bugs.debian.org/"
uname:Linux 4.19.0-9-cloud-amd64 #1 SMP Debian 4.19.118-2+deb10u1 (2020-06-07) x86_64
OS uptime: 0 days 0:12 hours
libc:glibc 2.28 NPTL 2.28 
rlimit: STACK 8192k, CORE 0k, NPROC 31714, NOFILE 1048576, AS infinity, CPU infinity, DATA infinity, FSIZE infinity
load average:0.01 0.11 0.07

/proc/meminfo:
MemTotal:        8172008 kB
MemFree:         6544724 kB
MemAvailable:    7764336 kB
Buffers:           51076 kB
Cached:          1351480 kB
SwapCached:            0 kB
Active:           221148 kB
Inactive:        1228812 kB
Active(anon):      42600 kB
Inactive(anon):     8364 kB
Active(file):     178548 kB
Inactive(file):  1220448 kB
Unevictable:           0 kB
Mlocked:               0 kB
SwapTotal:             0 kB
SwapFree:              0 kB
Dirty:                 0 kB
Writeback:             0 kB
AnonPages:         47416 kB
Mapped:            58792 kB
Shmem:              8504 kB
Slab:             108280 kB
SReclaimable:      81788 kB
SUnreclaim:        26492 kB
KernelStack:        1792 kB
PageTables:         1124 kB
NFS_Unstable:          0 kB
Bounce:                0 kB
WritebackTmp:          0 kB
CommitLimit:     4086004 kB
Committed_AS:     344096 kB
VmallocTotal:   34359738367 kB
VmallocUsed:           0 kB
VmallocChunk:          0 kB
Percpu:              640 kB
AnonHugePages:      4096 kB
ShmemHugePages:        0 kB
ShmemPmdMapped:        0 kB
HugePages_Total:       0
HugePages_Free:        0
HugePages_Rsvd:        0
HugePages_Surp:        0
Hugepagesize:       2048 kB
Hugetlb:               0 kB
DirectMap4k:       89276 kB
DirectMap2M:     4104192 kB
DirectMap1G:     6291456 kB


/proc/sys/kernel/threads-max (system-wide limit on the number of threads):
63428


/proc/sys/vm/max_map_count (maximum number of memory map areas a process may have):
65530


/proc/sys/kernel/pid_max (system-wide limit on number of process identifiers):
32768



container (cgroup) information:
container_type: cgroupv1
cpu_cpuset_cpus: 0-1
cpu_memory_nodes: 0
active_processor_count: 2
cpu_quota: -1
cpu_period: 100000
cpu_shares: -1
memory_limit_in_bytes: -1
memory_and_swap_limit_in_bytes: -2
memory_soft_limit_in_bytes: -1
memory_usage_in_bytes: 1367818240
memory_max_usage_in_bytes: 1412411392

KVM virtualization detected
Steal ticks since vm start: 0
Steal ticks percentage since vm start:  0.000

CPU:total 2 (initial active 2) (1 cores per cpu, 2 threads per core) family 6 model 85 stepping 3, cmov, cx8, fxsr, mmx, sse, sse2, sse3, ssse3, sse4.1, sse4.2, popcnt, avx, avx2, aes, clmul, erms, rtm, 3dnowpref, lzcnt, ht, tsc, tscinvbit, bmi1, bmi2, adx, fma
CPU Model and flags from /proc/cpuinfo:
model name	: Intel(R) Xeon(R) CPU @ 2.00GHz
flags		: fpu vme de pse tsc msr pae mce cx8 apic sep mtrr pge mca cmov pat pse36 clflush mmx fxsr sse sse2 ss ht syscall nx pdpe1gb rdtscp lm constant_tsc rep_good nopl xtopology nonstop_tsc cpuid tsc_known_freq pni pclmulqdq ssse3 fma cx16 pcid sse4_1 sse4_2 x2apic movbe popcnt aes xsave avx f16c rdrand hypervisor lahf_lm abm 3dnowprefetch invpcid_single pti ssbd ibrs ibpb stibp fsgsbase tsc_adjust bmi1 hle avx2 smep bmi2 erms invpcid rtm mpx avx512f avx512dq rdseed adx smap clflushopt clwb avx512cd avx512bw avx512vl xsaveopt xsavec xgetbv1 xsaves arat md_clear arch_capabilities

Memory: 4k page, physical 8172008k(6544724k free), swap 0k(0k free)

vm_info: OpenJDK 64-Bit Server VM (11.0.7+10-post-Debian-3deb10u1) for linux-amd64 JRE (11.0.7+10-post-Debian-3deb10u1), built on Apr 20 2020 00:13:03 by "unknown" with gcc 8.3.0

END.
