[00:01:23] [Server thread/INFO]: Paty_Lu lost connection: Disconnected
[00:01:23] [Server thread/INFO]: Paty_Lu left the game
[02:48:52] [Server thread/INFO]: El_Donny[/187.188.236.208:65422] logged in with entity id 65920 at (204.5, 51.0000002, -91.5)
[02:48:52] [Server thread/INFO]: El_Donny joined the game
[02:49:37] [Server thread/INFO]: El_Donny lost connection: Timed out
[02:49:37] [Server thread/INFO]: El_Donny left the game
[17:45:21] [Server thread/INFO]: Paty_Lu[/187.187.207.151:54406] logged in with entity id 66184 at (-93.5, 88.0625002, 131.5)
[17:45:21] [Server thread/INFO]: Paty_Lu joined the game
[17:51:04] [Server thread/WARN]: Fetching packet for removed entity bbg['Air'/67104, l='ServerLevel[world]', x=-182.52, y=69.00, z=154.82]
[18:15:44] [Server thread/INFO]: Paty_Lu lost connection: Disconnected
[18:15:44] [Server thread/INFO]: Paty_Lu left the game
[23:07:01] [Server thread/INFO]: There are 0 of a max of 20 players online: 
[23:07:04] [Server thread/INFO]: Stopping the server
[23:07:04] [Server thread/INFO]: Stopping server
[23:07:04] [Server thread/INFO]: Saving players
[23:07:04] [Server thread/INFO]: Saving worlds
[23:07:04] [Server thread/INFO]: Saving chunks for level 'ServerLevel[world]'/minecraft:overworld
[23:07:05] [Server thread/INFO]: ThreadedAnvilChunkStorage (world): All chunks are saved
[23:07:05] [Server thread/INFO]: Saving chunks for level 'ServerLevel[world]'/minecraft:the_nether
[23:07:05] [Server thread/INFO]: ThreadedAnvilChunkStorage (DIM-1): All chunks are saved
[23:07:05] [Server thread/INFO]: Saving chunks for level 'ServerLevel[world]'/minecraft:the_end
[23:07:05] [Server thread/INFO]: ThreadedAnvilChunkStorage (DIM1): All chunks are saved
[23:07:05] [Server thread/INFO]: ThreadedAnvilChunkStorage (world): All chunks are saved
[23:07:05] [Server thread/INFO]: ThreadedAnvilChunkStorage (DIM-1): All chunks are saved
[23:07:05] [Server thread/INFO]: ThreadedAnvilChunkStorage (DIM1): All chunks are saved
